TN:
SF:src\main.ts
FN:4,bootstrap
FNF:1
FNH:0
FNDA:0,bootstrap
DA:1,0
DA:2,0
DA:5,0
DA:6,0
DA:8,0
LF:5
LH:0
BRF:0
BRH:0
end_of_record
TN:
SF:src\channel-factory\channel-factory.module.ts
FNF:0
FNH:0
DA:1,0
DA:2,0
DA:3,0
DA:4,0
DA:5,0
DA:6,0
DA:13,0
LF:7
LH:0
BRF:0
BRH:0
end_of_record
TN:
SF:src\channel-factory\channel-factory.service.ts
FN:11,(anonymous_2)
FN:14,(anonymous_3)
FN:23,(anonymous_4)
FN:43,(anonymous_5)
FNF:4
FNH:1
FNDA:6,(anonymous_2)
FNDA:0,(anonymous_3)
FNDA:0,(anonymous_4)
FNDA:0,(anonymous_5)
DA:1,2
DA:2,2
DA:3,2
DA:4,2
DA:9,2
DA:11,6
DA:15,0
DA:20,0
DA:21,0
DA:23,0
DA:24,0
DA:27,0
DA:30,0
DA:33,0
DA:38,0
DA:39,0
DA:44,0
DA:46,0
DA:47,0
DA:49,0
DA:51,0
DA:52,0
LF:22
LH:6
BRDA:21,0,0,0
BRDA:21,1,0,0
BRDA:21,1,1,0
BRDA:21,2,0,0
BRDA:21,2,1,0
BRDA:24,3,0,0
BRDA:24,3,1,0
BRDA:24,3,2,0
BRDA:44,4,0,0
BRDA:44,5,0,0
BRDA:44,5,1,0
BRDA:46,6,0,0
BRDA:46,6,1,0
BRDA:46,7,0,0
BRDA:46,7,1,0
BRDA:46,8,0,0
BRDA:46,8,1,0
BRDA:46,9,0,0
BRDA:46,9,1,0
BRDA:47,10,0,0
BRDA:47,10,1,0
BRDA:47,11,0,0
BRDA:47,11,1,0
BRDA:49,12,0,0
BRF:24
BRH:0
end_of_record
TN:
SF:src\channels\channels.module.ts
FNF:0
FNH:0
DA:1,0
DA:2,0
DA:3,0
DA:4,0
DA:5,0
DA:6,0
DA:23,0
LF:7
LH:0
BRF:0
BRH:0
end_of_record
TN:
SF:src\channels\channels.service.ts
FN:15,(anonymous_4)
FN:20,(anonymous_5)
FN:31,(anonymous_6)
FN:41,(anonymous_7)
FN:44,(anonymous_8)
FN:48,(anonymous_9)
FN:50,(anonymous_10)
FN:54,(anonymous_11)
FN:58,(anonymous_12)
FN:64,(anonymous_13)
FNF:10
FNH:5
FNDA:3,(anonymous_4)
FNDA:1,(anonymous_5)
FNDA:0,(anonymous_6)
FNDA:1,(anonymous_7)
FNDA:4,(anonymous_8)
FNDA:0,(anonymous_9)
FNDA:0,(anonymous_10)
FNDA:0,(anonymous_11)
FNDA:0,(anonymous_12)
FNDA:1,(anonymous_13)
DA:1,5
DA:2,5
DA:3,5
DA:6,5
DA:7,5
DA:8,5
DA:9,5
DA:10,5
DA:11,5
DA:14,5
DA:16,3
DA:17,3
DA:18,3
DA:21,1
DA:22,1
DA:23,0
DA:26,1
DA:29,0
DA:32,0
DA:33,0
DA:34,0
DA:36,0
DA:37,0
DA:39,0
DA:43,1
DA:44,4
DA:45,1
DA:46,1
DA:49,0
DA:50,0
DA:51,0
DA:52,0
DA:56,0
DA:58,0
DA:60,0
DA:61,0
DA:66,1
DA:67,1
DA:70,1
DA:74,1
LF:40
LH:24
BRDA:23,0,0,0
BRDA:45,1,0,1
BRDA:51,2,0,0
BRDA:60,3,0,0
BRF:4
BRH:1
end_of_record
TN:
SF:src\email-channel\email-channel.module.ts
FNF:0
FNH:0
DA:1,0
DA:2,0
DA:4,0
DA:11,0
LF:4
LH:0
BRF:0
BRH:0
end_of_record
TN:
SF:src\email-channel\email-channel.service.ts
FN:11,(anonymous_2)
FN:14,(anonymous_3)
FN:37,(anonymous_4)
FNF:3
FNH:0
FNDA:0,(anonymous_2)
FNDA:0,(anonymous_3)
FNDA:0,(anonymous_4)
DA:1,3
DA:5,3
DA:10,3
DA:11,0
DA:19,0
DA:20,0
DA:22,0
DA:27,0
DA:29,0
DA:30,0
DA:32,0
DA:34,0
DA:38,0
DA:39,0
LF:14
LH:3
BRDA:19,0,0,0
BRDA:19,0,1,0
BRDA:27,1,0,0
BRDA:27,2,0,0
BRDA:27,2,1,0
BRDA:27,2,2,0
BRDA:29,3,0,0
BRDA:30,4,0,0
BRDA:30,4,1,0
BRDA:38,5,0,0
BRDA:39,6,0,0
BRDA:39,6,1,0
BRDA:39,7,0,0
BRDA:39,7,1,0
BRDA:39,8,0,0
BRDA:39,8,1,0
BRDA:39,9,0,0
BRDA:39,9,1,0
BRDA:39,10,0,0
BRDA:39,10,1,0
BRDA:39,11,0,0
BRDA:39,11,1,0
BRDA:39,12,0,0
BRDA:39,12,1,0
BRDA:39,13,0,0
BRDA:39,13,1,0
BRDA:39,14,0,0
BRDA:39,14,1,0
BRDA:40,15,0,0
BRDA:40,15,1,0
BRDA:40,16,0,0
BRDA:40,16,1,0
BRF:32
BRH:0
end_of_record
TN:
SF:src\mock-data\company.ts
FNF:0
FNH:0
DA:1,5
LF:1
LH:1
BRF:0
BRH:0
end_of_record
TN:
SF:src\mock-data\notification-list.ts
FNF:0
FNH:0
DA:1,5
LF:1
LH:1
BRF:0
BRH:0
end_of_record
TN:
SF:src\mock-data\user.ts
FNF:0
FNH:0
DA:1,5
LF:1
LH:1
BRF:0
BRH:0
end_of_record
TN:
SF:src\notifications\notifications.controller.ts
FN:7,(anonymous_4)
FN:11,(anonymous_5)
FN:17,(anonymous_6)
FNF:3
FNH:1
FNDA:3,(anonymous_4)
FNDA:0,(anonymous_5)
FNDA:0,(anonymous_6)
DA:1,1
DA:2,1
DA:3,1
DA:6,1
DA:7,3
DA:11,1
DA:13,0
DA:14,0
DA:17,1
DA:19,0
DA:20,0
LF:11
LH:7
BRF:0
BRH:0
end_of_record
TN:
SF:src\notifications\notifications.module.ts
FNF:0
FNH:0
DA:1,0
DA:2,0
DA:3,0
DA:5,0
DA:14,0
LF:5
LH:0
BRF:0
BRH:0
end_of_record
TN:
SF:src\notifications\interfaces\notificationReceiverId.ts
FN:1,(anonymous_0)
FNF:1
FNH:1
FNDA:3,(anonymous_0)
DA:1,3
DA:2,3
DA:3,3
LF:3
LH:3
BRDA:1,0,0,3
BRDA:1,0,1,3
BRF:2
BRH:2
end_of_record
TN:
SF:src\schemas\notification-types.schema.ts
FNF:0
FNH:0
DA:1,5
DA:6,5
DA:8,5
DA:11,5
DA:17,5
LF:5
LH:5
BRF:0
BRH:0
end_of_record
TN:
SF:src\schemas\unsubscription.schema.ts
FNF:0
FNH:0
DA:1,5
DA:6,5
DA:8,5
DA:14,5
DA:17,5
DA:21,5
LF:6
LH:6
BRF:0
BRH:0
end_of_record
TN:
SF:src\schemas\user-notifications.ts
FNF:0
FNH:0
DA:19,5
DA:23,5
DA:30,5
DA:32,5
DA:35,5
DA:39,5
DA:42,5
DA:45,5
DA:48,5
DA:52,5
LF:10
LH:10
BRF:0
BRH:0
end_of_record
TN:
SF:src\ui-channel\ui-channel.module.ts
FNF:0
FNH:0
DA:1,0
DA:2,0
DA:4,0
DA:11,0
LF:4
LH:0
BRF:0
BRH:0
end_of_record
TN:
SF:src\ui-channel\ui-channel.service.ts
FN:10,(anonymous_2)
FN:13,(anonymous_3)
FNF:2
FNH:2
FNDA:3,(anonymous_2)
FNDA:1,(anonymous_3)
DA:1,3
DA:3,3
DA:5,3
DA:9,3
DA:10,3
DA:14,1
DA:17,1
DA:18,1
DA:19,1
DA:21,0
DA:26,1
DA:27,1
DA:28,1
DA:29,1
DA:31,1
DA:32,1
LF:16
LH:15
BRDA:14,0,0,1
BRDA:14,0,1,0
BRDA:14,1,0,1
BRDA:14,1,1,1
BRDA:17,2,0,0
BRDA:17,3,0,1
BRDA:17,3,1,1
BRDA:18,4,0,1
BRDA:18,4,1,0
BRDA:26,5,0,0
BRDA:26,6,0,1
BRDA:26,6,1,1
BRDA:27,7,0,0
BRDA:28,8,0,1
BRDA:28,8,1,0
BRDA:31,9,0,0
BRF:16
BRH:9
end_of_record
